<?xml version="1.0" encoding="UTF-8"?>
<testsuites name="TS_Login" time="3" tests="0" failures="1" errors="0">
   <testsuite name="TS_Login" tests="0" failures="1" errors="0" time="3" timestamp="2018-01-24 15:48:31" hostname="aekachaiboonruang - 192.168.3.21" id="Test Suites/TS_Login">
      <properties>
         <property name="deviceName" value=""/>
         <property name="devicePlatform" value=""/>
         <property name="logFolder" value="/Users/aekachaiboonruang/Katalon Studio/mobile/Reports/TS_Login/20180124_154815"/>
         <property name="logFiles" value="/Users/aekachaiboonruang/Katalon Studio/mobile/Reports/TS_Login/20180124_154815/execution0.log"/>
         <property name="attachments" value=""/>
         <property name="hostName" value="aekachaiboonruang - 192.168.3.21"/>
         <property name="hostAddress" value="192.168.3.21"/>
         <property name="os" value="Mac OS X 64bit"/>
         <property name="katalonVersion" value="5.2.0.1"/>
      </properties>
      <testcase name="Test Cases/Login iOS" classname="Test Cases/Login iOS" status="FAILED">
         <failure type="FAILED" message="Unable to start app at: '/Users/aekachaiboonruang/Desktop/DEV-Arbotena.app' (Root cause: java.lang.IllegalArgumentException: The mobile device is missing. Please select the mobile device to be executed and try again.)"/>
         <system-out><![CDATA[2018-01-24 15:48:33 - [TEST_CASE][FAILED] - Test Cases/Login iOS: Test Cases/Login iOS FAILED because (of) Unable to start app at: '/Users/aekachaiboonruang/Desktop/DEV-Arbotena.app' (Root cause: java.lang.IllegalArgumentException: The mobile device is missing. Please select the mobile device to be executed and try again.)

2018-01-24 15:48:33 - [TEST_STEP][FAILED] - startApplication: Unable to start app at: '/Users/aekachaiboonruang/Desktop/DEV-Arbotena.app' (Root cause: java.lang.IllegalArgumentException: The mobile device is missing. Please select the mobile device to be executed and try again.)

2018-01-24 15:48:34 - [MESSAGE][FAILED] - Unable to start app at: '/Users/aekachaiboonruang/Desktop/DEV-Arbotena.app' (Root cause: java.lang.IllegalArgumentException: The mobile device is missing. Please select the mobile device to be executed and try again.)]]></system-out>
         <system-err><![CDATA[2018-01-24 15:48:33 - [TEST_CASE][FAILED] - Test Cases/Login iOS: Test Cases/Login iOS FAILED because (of) Unable to start app at: '/Users/aekachaiboonruang/Desktop/DEV-Arbotena.app' (Root cause: java.lang.IllegalArgumentException: The mobile device is missing. Please select the mobile device to be executed and try again.)]]></system-err>
      </testcase>
      <system-out><![CDATA[2018-01-24 15:48:31 - [TEST_SUITE][FAILED] - TS_Login: Test Cases/Login iOS FAILED because (of) Unable to start app at: '/Users/aekachaiboonruang/Desktop/DEV-Arbotena.app' (Root cause: java.lang.IllegalArgumentException: The mobile device is missing. Please select the mobile device to be executed and try again.)]]></system-out>
      <system-err><![CDATA[2018-01-24 15:48:31 - [TEST_SUITE][FAILED] - TS_Login: Test Cases/Login iOS FAILED because (of) Unable to start app at: '/Users/aekachaiboonruang/Desktop/DEV-Arbotena.app' (Root cause: java.lang.IllegalArgumentException: The mobile device is missing. Please select the mobile device to be executed and try again.)]]></system-err>
   </testsuite>
</testsuites>
