<?xml version="1.0" encoding="UTF-8"?>
<testsuites name="TS_Login" time="519" tests="0" failures="1" errors="0">
   <testsuite name="TS_Login" tests="0" failures="1" errors="0" time="519" timestamp="2018-01-25 10:52:45" hostname="aekachaiboonruang - 192.168.3.21" id="Test Suites/TS_Login">
      <properties>
         <property name="deviceName" value="iPhone 7"/>
         <property name="devicePlatform" value=""/>
         <property name="logFolder" value="/Users/aekachaiboonruang/Katalon Studio/mobile/Reports/TS_Login/20180125_105236"/>
         <property name="logFiles" value="/Users/aekachaiboonruang/Katalon Studio/mobile/Reports/TS_Login/20180125_105236/appium-proxy-server.log, /Users/aekachaiboonruang/Katalon Studio/mobile/Reports/TS_Login/20180125_105236/appium.log, /Users/aekachaiboonruang/Katalon Studio/mobile/Reports/TS_Login/20180125_105236/execution0.log"/>
         <property name="attachments" value=""/>
         <property name="hostName" value="aekachaiboonruang - 192.168.3.21"/>
         <property name="os" value="Mac OS X 64bit"/>
         <property name="katalonVersion" value="5.2.0.1"/>
         <property name="deviceOS" value="iOS"/>
         <property name="deviceModel" value="Not available for Simulator"/>
         <property name="hostAddress" value="192.168.3.21"/>
         <property name="deviceManufacturer" value="Apple"/>
         <property name="deviceId" value="null"/>
         <property name="deviceName" value="iPhone 7"/>
         <property name="deviceOSVersion" value="11.2"/>
      </properties>
      <testcase name="Test Cases/Login iOS" classname="Test Cases/Login iOS" status="FAILED">
         <failure type="FAILED" message="Unable to start app at: '/Users/aekachaiboonruang/Library/Developer/Xcode/DerivedData/WebDriverAgent-brdadhpuduowllgivnnvuygpwhzy/Build/Products/Debug-iphoneos/IntegrationApp.app' (Root cause: org.openqa.selenium.WebDriverException: An unknown server-side error occurred while processing the command. Original error: simctl error running 'erase': An error was encountered processing the command (domain=com.apple.CoreSimulator.SimError, code=164):
Unable to erase contents and settings in current state: Booted (WARNING: The server did not provide any stacktrace information)
Command duration or timeout: 492.76 seconds
Build info: version: '3.7.1', revision: '8a0099a', time: '2017-11-06T21:07:36.161Z'
System info: host: 'pondthaitay.local', ip: 'fe80:0:0:0:492:ef52:bb78:1619%en0', os.name: 'Mac OS X', os.arch: 'x86_64', os.version: '10.12.6', java.version: '1.8.0_102'
Driver info: driver.version: IOSDriver)"/>
         <system-out><![CDATA[2018-01-25 10:52:46 - [TEST_CASE][FAILED] - Test Cases/Login iOS: Test Cases/Login iOS FAILED because (of) Unable to start app at: '/Users/aekachaiboonruang/Library/Developer/Xcode/DerivedData/WebDriverAgent-brdadhpuduowllgivnnvuygpwhzy/Build/Products/Debug-iphoneos/IntegrationApp.app' (Root cause: org.openqa.selenium.WebDriverException: An unknown server-side error occurred while processing the command. Original error: simctl error running 'erase': An error was encountered processing the command (domain=com.apple.CoreSimulator.SimError, code=164):
Unable to erase contents and settings in current state: Booted (WARNING: The server did not provide any stacktrace information)
Command duration or timeout: 492.76 seconds
Build info: version: '3.7.1', revision: '8a0099a', time: '2017-11-06T21:07:36.161Z'
System info: host: 'pondthaitay.local', ip: 'fe80:0:0:0:492:ef52:bb78:1619%en0', os.name: 'Mac OS X', os.arch: 'x86_64', os.version: '10.12.6', java.version: '1.8.0_102'
Driver info: driver.version: IOSDriver)

2018-01-25 10:52:46 - [TEST_STEP][FAILED] - startApplication: Unable to start app at: '/Users/aekachaiboonruang/Library/Developer/Xcode/DerivedData/WebDriverAgent-brdadhpuduowllgivnnvuygpwhzy/Build/Products/Debug-iphoneos/IntegrationApp.app' (Root cause: org.openqa.selenium.WebDriverException: An unknown server-side error occurred while processing the command. Original error: simctl error running 'erase': An error was encountered processing the command (domain=com.apple.CoreSimulator.SimError, code=164):
Unable to erase contents and settings in current state: Booted (WARNING: The server did not provide any stacktrace information)
Command duration or timeout: 492.76 seconds
Build info: version: '3.7.1', revision: '8a0099a', time: '2017-11-06T21:07:36.161Z'
System info: host: 'pondthaitay.local', ip: 'fe80:0:0:0:492:ef52:bb78:1619%en0', os.name: 'Mac OS X', os.arch: 'x86_64', os.version: '10.12.6', java.version: '1.8.0_102'
Driver info: driver.version: IOSDriver)

2018-01-25 11:01:23 - [MESSAGE][FAILED] - Unable to start app at: '/Users/aekachaiboonruang/Library/Developer/Xcode/DerivedData/WebDriverAgent-brdadhpuduowllgivnnvuygpwhzy/Build/Products/Debug-iphoneos/IntegrationApp.app' (Root cause: org.openqa.selenium.WebDriverException: An unknown server-side error occurred while processing the command. Original error: simctl error running 'erase': An error was encountered processing the command (domain=com.apple.CoreSimulator.SimError, code=164):
Unable to erase contents and settings in current state: Booted (WARNING: The server did not provide any stacktrace information)
Command duration or timeout: 492.76 seconds
Build info: version: '3.7.1', revision: '8a0099a', time: '2017-11-06T21:07:36.161Z'
System info: host: 'pondthaitay.local', ip: 'fe80:0:0:0:492:ef52:bb78:1619%en0', os.name: 'Mac OS X', os.arch: 'x86_64', os.version: '10.12.6', java.version: '1.8.0_102'
Driver info: driver.version: IOSDriver)]]></system-out>
         <system-err><![CDATA[2018-01-25 10:52:46 - [TEST_CASE][FAILED] - Test Cases/Login iOS: Test Cases/Login iOS FAILED because (of) Unable to start app at: '/Users/aekachaiboonruang/Library/Developer/Xcode/DerivedData/WebDriverAgent-brdadhpuduowllgivnnvuygpwhzy/Build/Products/Debug-iphoneos/IntegrationApp.app' (Root cause: org.openqa.selenium.WebDriverException: An unknown server-side error occurred while processing the command. Original error: simctl error running 'erase': An error was encountered processing the command (domain=com.apple.CoreSimulator.SimError, code=164):
Unable to erase contents and settings in current state: Booted (WARNING: The server did not provide any stacktrace information)
Command duration or timeout: 492.76 seconds
Build info: version: '3.7.1', revision: '8a0099a', time: '2017-11-06T21:07:36.161Z'
System info: host: 'pondthaitay.local', ip: 'fe80:0:0:0:492:ef52:bb78:1619%en0', os.name: 'Mac OS X', os.arch: 'x86_64', os.version: '10.12.6', java.version: '1.8.0_102'
Driver info: driver.version: IOSDriver)]]></system-err>
      </testcase>
      <system-out><![CDATA[2018-01-25 10:52:45 - [TEST_SUITE][FAILED] - TS_Login: Test Cases/Login iOS FAILED because (of) Unable to start app at: '/Users/aekachaiboonruang/Library/Developer/Xcode/DerivedData/WebDriverAgent-brdadhpuduowllgivnnvuygpwhzy/Build/Products/Debug-iphoneos/IntegrationApp.app' (Root cause: org.openqa.selenium.WebDriverException: An unknown server-side error occurred while processing the command. Original error: simctl error running 'erase': An error was encountered processing the command (domain=com.apple.CoreSimulator.SimError, code=164):
Unable to erase contents and settings in current state: Booted (WARNING: The server did not provide any stacktrace information)
Command duration or timeout: 492.76 seconds
Build info: version: '3.7.1', revision: '8a0099a', time: '2017-11-06T21:07:36.161Z'
System info: host: 'pondthaitay.local', ip: 'fe80:0:0:0:492:ef52:bb78:1619%en0', os.name: 'Mac OS X', os.arch: 'x86_64', os.version: '10.12.6', java.version: '1.8.0_102'
Driver info: driver.version: IOSDriver)]]></system-out>
      <system-err><![CDATA[2018-01-25 10:52:45 - [TEST_SUITE][FAILED] - TS_Login: Test Cases/Login iOS FAILED because (of) Unable to start app at: '/Users/aekachaiboonruang/Library/Developer/Xcode/DerivedData/WebDriverAgent-brdadhpuduowllgivnnvuygpwhzy/Build/Products/Debug-iphoneos/IntegrationApp.app' (Root cause: org.openqa.selenium.WebDriverException: An unknown server-side error occurred while processing the command. Original error: simctl error running 'erase': An error was encountered processing the command (domain=com.apple.CoreSimulator.SimError, code=164):
Unable to erase contents and settings in current state: Booted (WARNING: The server did not provide any stacktrace information)
Command duration or timeout: 492.76 seconds
Build info: version: '3.7.1', revision: '8a0099a', time: '2017-11-06T21:07:36.161Z'
System info: host: 'pondthaitay.local', ip: 'fe80:0:0:0:492:ef52:bb78:1619%en0', os.name: 'Mac OS X', os.arch: 'x86_64', os.version: '10.12.6', java.version: '1.8.0_102'
Driver info: driver.version: IOSDriver)]]></system-err>
   </testsuite>
</testsuites>
