<?xml version="1.0" encoding="UTF-8"?>
<testsuites name="TS_Login" time="66" tests="1" failures="0" errors="0">
   <testsuite name="TS_Login" tests="1" failures="0" errors="0" time="66" timestamp="2018-02-01 09:59:19" hostname="aekachaiboonruang - 192.168.3.6" id="Test Suites/TS_Login">
      <properties>
         <property name="deviceName" value="iPhone 8"/>
         <property name="devicePlatform" value=""/>
         <property name="logFolder" value="/Users/aekachaiboonruang/Katalon Studio/mobile/Reports/TS_Login/20180201_095918"/>
         <property name="logFiles" value="/Users/aekachaiboonruang/Katalon Studio/mobile/Reports/TS_Login/20180201_095918/execution0.log"/>
         <property name="attachments" value=""/>
         <property name="hostName" value="aekachaiboonruang - 192.168.3.6"/>
         <property name="os" value="Mac OS X 64bit"/>
         <property name="katalonVersion" value="5.2.0.1"/>
         <property name="deviceOS" value="iOS"/>
         <property name="appiumVersion" value="1.6.3"/>
         <property name="deviceModel" value="null"/>
         <property name="hostAddress" value="192.168.3.6"/>
         <property name="deviceManufacturer" value="null"/>
         <property name="deviceId" value="null"/>
         <property name="deviceName" value="iPhone 8"/>
         <property name="deviceOSVersion" value="11.0"/>
      </properties>
      <testcase name="Test Cases/Detail Checklist iOS" classname="Test Cases/Detail Checklist iOS" status="PASSED">
         <system-out><![CDATA[2018-02-01 09:59:19 - [TEST_CASE][PASSED] - Test Cases/Detail Checklist iOS: Test Cases/Detail Checklist iOS

2018-02-01 09:59:19 - [TEST_STEP][PASSED] - startApplication: Started app at: 'kobiton-store:5700'

2018-02-01 09:59:43 - [MESSAGE][PASSED] - Started app at: 'kobiton-store:5700'

2018-02-01 09:59:43 - [TEST_STEP][PASSED] - tap: Tapped on element 'Object Repository/Login iOS/XCUIElementTypeButton - Alerts'

2018-02-01 09:59:43 - [MESSAGE][WARNING] - Timeout '0' is invalid. Using default page load timeout: '1,000'

2018-02-01 09:59:51 - [MESSAGE][PASSED] - Tapped on element 'Object Repository/Login iOS/XCUIElementTypeButton - Alerts'

2018-02-01 09:59:51 - [TEST_STEP][PASSED] - tap: Tapped on element 'Object Repository/Login iOS/XCUIElementTypeButton - Create App Alert'

2018-02-01 09:59:51 - [MESSAGE][WARNING] - Timeout '0' is invalid. Using default page load timeout: '1,000'

2018-02-01 09:59:58 - [MESSAGE][PASSED] - Tapped on element 'Object Repository/Login iOS/XCUIElementTypeButton - Create App Alert'

2018-02-01 09:59:58 - [TEST_STEP][PASSED] - tap: Tapped on element 'Object Repository/Login iOS/XCUIElementTypeButton - Will do'

2018-02-01 09:59:58 - [MESSAGE][WARNING] - Timeout '0' is invalid. Using default page load timeout: '1,000'

2018-02-01 10:00:06 - [MESSAGE][PASSED] - Tapped on element 'Object Repository/Login iOS/XCUIElementTypeButton - Will do'

2018-02-01 10:00:06 - [TEST_STEP][PASSED] - setText: Text 'eeeee' has been set to element 'Object Repository/Login iOS/XCUIElementTypeTextField - textField'

2018-02-01 10:00:06 - [MESSAGE][WARNING] - Timeout '0' is invalid. Using default page load timeout: '1,000'

2018-02-01 10:00:15 - [MESSAGE][PASSED] - Text 'eeeee' has been set to element 'Object Repository/Login iOS/XCUIElementTypeTextField - textField'

2018-02-01 10:00:15 - [TEST_STEP][PASSED] - tap: Tapped on element 'Object Repository/Login iOS/XCUIElementTypeButton - Back'

2018-02-01 10:00:15 - [MESSAGE][WARNING] - Timeout '0' is invalid. Using default page load timeout: '1,000'

2018-02-01 10:00:23 - [MESSAGE][PASSED] - Tapped on element 'Object Repository/Login iOS/XCUIElementTypeButton - Back'

2018-02-01 10:00:23 - [TEST_STEP][PASSED] - closeApplication: Close app successfully

2018-02-01 10:00:25 - [MESSAGE][PASSED] - Close app successfully]]></system-out>
         <system-err><![CDATA[]]></system-err>
      </testcase>
      <system-out><![CDATA[2018-02-01 09:59:19 - [TEST_SUITE][PASSED] - TS_Login: Test Cases/Detail Checklist iOS]]></system-out>
      <system-err><![CDATA[]]></system-err>
   </testsuite>
</testsuites>
