<?xml version="1.0" encoding="UTF-8"?>
<testsuites name="TS_Login" time="2" tests="0" failures="1" errors="0">
   <testsuite name="TS_Login" tests="0" failures="1" errors="0" time="2" timestamp="2018-02-01 11:02:43" hostname="aekachaiboonruang - 192.168.3.6" id="Test Suites/TS_Login">
      <properties>
         <property name="deviceName" value="iPhone 8"/>
         <property name="devicePlatform" value=""/>
         <property name="logFolder" value="/Users/aekachaiboonruang/Katalon Studio/mobile/Reports/TS_Login/20180201_110242"/>
         <property name="logFiles" value="/Users/aekachaiboonruang/Katalon Studio/mobile/Reports/TS_Login/20180201_110242/execution0.log"/>
         <property name="attachments" value=""/>
         <property name="hostName" value="aekachaiboonruang - 192.168.3.6"/>
         <property name="os" value="Mac OS X 64bit"/>
         <property name="katalonVersion" value="5.2.0.1"/>
         <property name="deviceOS" value="iOS"/>
         <property name="deviceModel" value="null"/>
         <property name="hostAddress" value="192.168.3.6"/>
         <property name="deviceManufacturer" value="null"/>
         <property name="deviceId" value="null"/>
         <property name="deviceName" value="iPhone 8"/>
         <property name="deviceOSVersion" value="11.0"/>
      </properties>
      <testcase name="Test Cases/iOSwithKobiton" classname="Test Cases/iOSwithKobiton" status="FAILED">
         <failure type="FAILED" message="Unable to start app at: 'kobiton-store:5700' (Root cause: org.openqa.selenium.SessionNotCreatedException: No device matching the desired capabilities
Command duration or timeout: 1.18 seconds
Build info: version: '3.7.1', revision: '8a0099a', time: '2017-11-06T21:07:36.161Z'
System info: host: 'pondthaitay.local', ip: 'fe80:0:0:0:1405:260c:1e8f:b457%en0', os.name: 'Mac OS X', os.arch: 'x86_64', os.version: '10.12.6', java.version: '1.8.0_102'
Driver info: driver.version: IOSDriver)"/>
         <system-out><![CDATA[2018-02-01 11:02:43 - [TEST_CASE][FAILED] - Test Cases/iOSwithKobiton: Test Cases/iOSwithKobiton FAILED because (of) Unable to start app at: 'kobiton-store:5700' (Root cause: org.openqa.selenium.SessionNotCreatedException: No device matching the desired capabilities
Command duration or timeout: 1.18 seconds
Build info: version: '3.7.1', revision: '8a0099a', time: '2017-11-06T21:07:36.161Z'
System info: host: 'pondthaitay.local', ip: 'fe80:0:0:0:1405:260c:1e8f:b457%en0', os.name: 'Mac OS X', os.arch: 'x86_64', os.version: '10.12.6', java.version: '1.8.0_102'
Driver info: driver.version: IOSDriver)

2018-02-01 11:02:44 - [TEST_STEP][FAILED] - startApplication: Unable to start app at: 'kobiton-store:5700' (Root cause: org.openqa.selenium.SessionNotCreatedException: No device matching the desired capabilities
Command duration or timeout: 1.18 seconds
Build info: version: '3.7.1', revision: '8a0099a', time: '2017-11-06T21:07:36.161Z'
System info: host: 'pondthaitay.local', ip: 'fe80:0:0:0:1405:260c:1e8f:b457%en0', os.name: 'Mac OS X', os.arch: 'x86_64', os.version: '10.12.6', java.version: '1.8.0_102'
Driver info: driver.version: IOSDriver)

2018-02-01 11:02:46 - [MESSAGE][FAILED] - Unable to start app at: 'kobiton-store:5700' (Root cause: org.openqa.selenium.SessionNotCreatedException: No device matching the desired capabilities
Command duration or timeout: 1.18 seconds
Build info: version: '3.7.1', revision: '8a0099a', time: '2017-11-06T21:07:36.161Z'
System info: host: 'pondthaitay.local', ip: 'fe80:0:0:0:1405:260c:1e8f:b457%en0', os.name: 'Mac OS X', os.arch: 'x86_64', os.version: '10.12.6', java.version: '1.8.0_102'
Driver info: driver.version: IOSDriver)]]></system-out>
         <system-err><![CDATA[2018-02-01 11:02:43 - [TEST_CASE][FAILED] - Test Cases/iOSwithKobiton: Test Cases/iOSwithKobiton FAILED because (of) Unable to start app at: 'kobiton-store:5700' (Root cause: org.openqa.selenium.SessionNotCreatedException: No device matching the desired capabilities
Command duration or timeout: 1.18 seconds
Build info: version: '3.7.1', revision: '8a0099a', time: '2017-11-06T21:07:36.161Z'
System info: host: 'pondthaitay.local', ip: 'fe80:0:0:0:1405:260c:1e8f:b457%en0', os.name: 'Mac OS X', os.arch: 'x86_64', os.version: '10.12.6', java.version: '1.8.0_102'
Driver info: driver.version: IOSDriver)]]></system-err>
      </testcase>
      <system-out><![CDATA[2018-02-01 11:02:43 - [TEST_SUITE][FAILED] - TS_Login: Test Cases/iOSwithKobiton FAILED because (of) Unable to start app at: 'kobiton-store:5700' (Root cause: org.openqa.selenium.SessionNotCreatedException: No device matching the desired capabilities
Command duration or timeout: 1.18 seconds
Build info: version: '3.7.1', revision: '8a0099a', time: '2017-11-06T21:07:36.161Z'
System info: host: 'pondthaitay.local', ip: 'fe80:0:0:0:1405:260c:1e8f:b457%en0', os.name: 'Mac OS X', os.arch: 'x86_64', os.version: '10.12.6', java.version: '1.8.0_102'
Driver info: driver.version: IOSDriver)]]></system-out>
      <system-err><![CDATA[2018-02-01 11:02:43 - [TEST_SUITE][FAILED] - TS_Login: Test Cases/iOSwithKobiton FAILED because (of) Unable to start app at: 'kobiton-store:5700' (Root cause: org.openqa.selenium.SessionNotCreatedException: No device matching the desired capabilities
Command duration or timeout: 1.18 seconds
Build info: version: '3.7.1', revision: '8a0099a', time: '2017-11-06T21:07:36.161Z'
System info: host: 'pondthaitay.local', ip: 'fe80:0:0:0:1405:260c:1e8f:b457%en0', os.name: 'Mac OS X', os.arch: 'x86_64', os.version: '10.12.6', java.version: '1.8.0_102'
Driver info: driver.version: IOSDriver)]]></system-err>
   </testsuite>
</testsuites>
